<?xml version="1.0" encoding="UTF-8"?>
<!-- Generated by org.testng.reporters.JUnitXMLReporter -->
<testsuite ignored="0" hostname="DESKTOP-GA1LM4B" failures="1" tests="6" name="Error Validation" time="80.833" errors="0" timestamp="2025-11-11T15:37:09 IST">
  <testcase classname="TestCases.ErrorValidation" name="loginValidation" time="0.901"/>
  <testcase classname="TestCases.ErrorValidation" name="loginValidation" time="0.764">
    <skipped/>
  </testcase> <!-- loginValidation -->
  <testcase classname="TestCases.ErrorValidation" name="loginValidation" time="0.725">
    <skipped/>
  </testcase> <!-- loginValidation -->
  <testcase classname="TestCases.ErrorValidation" name="loginValidation" time="0.818">
    <failure type="java.lang.AssertionError" message="expected [true] but found [false]">
      <![CDATA[java.lang.AssertionError: expected [true] but found [false]
at TestCases.ErrorValidation.loginValidation(ErrorValidation.java:17)
at java.base/java.util.ArrayList.forEach(ArrayList.java:1511)
at java.base/java.util.concurrent.FutureTask.run(FutureTask.java:264)
at java.base/java.util.concurrent.ThreadPoolExecutor.runWorker(ThreadPoolExecutor.java:1136)
at java.base/java.util.concurrent.ThreadPoolExecutor$Worker.run(ThreadPoolExecutor.java:635)
at java.base/java.lang.Thread.run(Thread.java:833)
... Removed 19 stack frames]]>
    </failure>
  </testcase> <!-- loginValidation -->
  <testcase classname="TestCases.ErrorValidation" name="loginValidation" time="0.741"/>
  <testcase classname="TestCases.ErrorValidation" name="loginValidation" time="0.752"/>
</testsuite> <!-- Error Validation -->
